<?xml version="1.0" encoding="UTF-8"?>
<testng-results skipped="0" failed="0" ignored="0" total="0" passed="0">
  <reporter-output>
  </reporter-output>
  <suite name="ProjectTreinamentoHub_Appium_BDD by packages" duration-ms="16" started-at="2020-02-06T14:52:33 BRT" finished-at="2020-02-06T14:52:33 BRT">
    <groups>
    </groups>
    <test name="br.com.rsinet_appium_bdd.runner" duration-ms="16" started-at="2020-02-06T14:52:33 BRT" finished-at="2020-02-06T14:52:33 BRT">
    </test> <!-- br.com.rsinet_appium_bdd.runner -->
  </suite> <!-- ProjectTreinamentoHub_Appium_BDD by packages -->
</testng-results>
